<?xml version="1.0" encoding="UTF-8"?>
<!-- Generated by org.testng.reporters.JUnitXMLReporter -->
<testsuite hostname="DESKTOP-T2OG94F" ignored="0" name="Test" tests="5" failures="0" timestamp="2020-08-16T18:10:13 EDT" time="119.598" errors="0">
  <testcase name="CreateLead" time="5.693" classname="testNgtestCases.CreateLead_Data_Excel"/>
  <testcase name="CreateLead" time="5.427" classname="testNgtestCases.CreateLead_Data_Excel"/>
  <testcase name="CreateLead" time="5.323" classname="testNgtestCases.CreateLead_Data_Excel"/>
  <testcase name="CreateLead" time="5.163" classname="testNgtestCases.CreateLead_Data_Excel"/>
  <testcase name="CreateLead" time="5.073" classname="testNgtestCases.CreateLead_Data_Excel"/>
</testsuite> <!-- Test -->
